Name                                Stmts   Miss  Cover
-------------------------------------------------------
enlotus/__init__.py                     7      0   100%
enlotus/conftest.py                    24      0   100%
enlotus/conso/__init__.py               4      0   100%
enlotus/conso/config.py                60      0   100%
enlotus/conso/conso.py                 31      0   100%
enlotus/conso/models.py                 6      0   100%
enlotus/conso/params/__init__.py        2      0   100%
enlotus/conso/params/common.py          2      0   100%
enlotus/conso/params/conso.py          12      0   100%
enlotus/conso/test/__init__.py          2      0   100%
enlotus/conso/test/test_config.py      19      0   100%
enlotus/conso/test/test_conso.py       28      0   100%
enlotus/conso/test/test_models.py       4      0   100%
-------------------------------------------------------
TOTAL                                 201      0   100%
