>>> make pytest
  ● Executing pytest in enconsole..
============================= test session starts ==============================
platform linux -- Python 3.12.13, pytest-9.0.3, pluggy-1.6.0 -- /home/runner/work/enconsole/enconsole/main/.venv-package/bin/python3
cachedir: .pytest_cache
Using --randomly-seed=1746402792
rootdir: /home/runner/work/enconsole/enconsole/main
configfile: pyproject.toml
plugins: mypy-1.0.1, xdist-3.8.0, clarity-1.0.1, anyio-4.13.0, cov-7.1.0, sphinx-0.7.1, randomly-4.1.0
created: 4/4 workers
4 workers [0 items]

scheduling tests via LoadScheduling

================================ tests coverage ================================
_______________ coverage: platform linux, python 3.12.13-final-0 _______________

Name                    Stmts   Miss  Cover
-------------------------------------------
enconsole/__init__.py       9      1    89%
-------------------------------------------
TOTAL                       9      1    89%
============================ no tests ran in 1.08s =============================
