>>> make pytest
  ● Executing pytest in enlotus..
============================= test session starts ==============================
platform linux -- Python 3.12.13, pytest-9.0.3, pluggy-1.6.0 -- /home/runner/work/enlotus/enlotus/main/.venv-package/bin/python3
cachedir: .pytest_cache
Using --randomly-seed=2708558262
rootdir: /home/runner/work/enlotus/enlotus/main
configfile: pyproject.toml
plugins: clarity-1.0.1, randomly-4.1.0, sphinx-0.7.1, mypy-1.0.1, cov-7.1.0, anyio-4.13.0, xdist-3.8.0
created: 4/4 workers
4 workers [4 items]

scheduling tests via LoadScheduling

enlotus/lotus/test/test_config.py::test_LotusConfig 
enlotus/lotus/test/test_lotus.py::test_Lotus_cover 
enlotus/lotus/test/test_lotus.py::test_Lotus 
enlotus/lotus/test/test_models.py::test_LotusModels_cover 
[gw0] [ 25%] PASSED enlotus/lotus/test/test_models.py::test_LotusModels_cover 
[gw3] [ 50%] PASSED enlotus/lotus/test/test_lotus.py::test_Lotus_cover 
[gw2] [ 75%] PASSED enlotus/lotus/test/test_lotus.py::test_Lotus 
[gw1] [100%] PASSED enlotus/lotus/test/test_config.py::test_LotusConfig 

================================ tests coverage ================================
_______________ coverage: platform linux, python 3.12.13-final-0 _______________

Name                                Stmts   Miss  Cover
-------------------------------------------------------
enlotus/__init__.py                     7      0   100%
enlotus/conftest.py                    24      0   100%
enlotus/lotus/__init__.py               4      0   100%
enlotus/lotus/config.py                60      0   100%
enlotus/lotus/lotus.py                 31      0   100%
enlotus/lotus/models.py                 6      0   100%
enlotus/lotus/params/__init__.py        2      0   100%
enlotus/lotus/params/common.py          2      0   100%
enlotus/lotus/params/lotus.py          12      0   100%
enlotus/lotus/test/__init__.py          2      0   100%
enlotus/lotus/test/test_config.py      19      0   100%
enlotus/lotus/test/test_lotus.py       28      0   100%
enlotus/lotus/test/test_models.py       4      0   100%
-------------------------------------------------------
TOTAL                                 201      0   100%
============================== 4 passed in 3.09s ===============================
    DONE
  ● Write coveragepy output to htmlcov..
    DONE
  ● Write coveragepy output to coverage.json..
    DONE
